<?xml version="1.0" encoding="UTF-8"?>
<!-- Generated by org.testng.reporters.JUnitReportReporter -->
<testsuite skipped="0" hostname="D1ML14617" name="com.my.automation.ui.SFLoginTest" tests="1" failures="0" timestamp="29 Sep 2018 08:35:02 GMT" time="10.145" errors="0">
  <testcase name="loginToSF" time="10.145" classname="com.my.automation.ui.SFLoginTest"/>
</testsuite> <!-- com.my.automation.ui.SFLoginTest -->
