<?xml version="1.0" encoding="UTF-8"?>
<!-- Generated by org.testng.reporters.JUnitReportReporter -->
<testsuite skipped="0" hostname="D1ML14617" name="com.my.automation.Post_Player_NotesTest" tests="1" failures="0" timestamp="29 Sep 2018 08:34:42 GMT" time="4.262" errors="0">
  <testcase name="verifyPlayerNotes" time="4.262" classname="com.my.automation.Post_Player_NotesTest"/>
</testsuite> <!-- com.my.automation.Post_Player_NotesTest -->
