<?xml version="1.0" encoding="UTF-8"?>
<!-- Generated by org.testng.reporters.JUnitReportReporter -->
<testsuite name="com.my.automation.ui.SFLoginTest" tests="1" time="10.470" ignored="0" failures="0" timestamp="22 Sep 2018 15:49:31 GMT" skipped="0" hostname="D1ML14617" errors="0">
  <testcase name="loginToSF" time="10.470" classname="com.my.automation.ui.SFLoginTest"/>
</testsuite> <!-- com.my.automation.ui.SFLoginTest -->
