<?xml version="1.0" encoding="UTF-8"?>
<!-- Generated by org.testng.reporters.JUnitReportReporter -->
<testsuite name="com.my.automation.ui.SelectJobRole" tests="1" time="25.354" ignored="0" failures="0" timestamp="16 Sep 2018 10:09:39 GMT" skipped="0" hostname="D1ML14617" errors="0">
  <testcase name="selectJobRole" time="25.354" classname="com.my.automation.ui.SelectJobRole"/>
</testsuite> <!-- com.my.automation.ui.SelectJobRole -->
